c:\users\charles\source\repos\dx11 at hair and fur\debug\vc141.pdb
c:\users\charles\source\repos\dx11 at hair and fur\debug\vc141.idb
c:\users\charles\source\repos\dx11 at hair and fur\debug\camera.obj
c:\users\charles\source\repos\dx11 at hair and fur\debug\main.obj
c:\users\charles\source\repos\dx11 at hair and fur\debug\renderer.obj
c:\users\charles\source\repos\dx11 at hair and fur\debug\triangle.obj
c:\users\charles\source\repos\dx11 at hair and fur\debug\window.obj
c:\users\charles\source\repos\dx11 at hair and fur\trianglepixelshader.cso
c:\users\charles\source\repos\dx11 at hair and fur\trianglevertexshader.cso
c:\users\charles\source\repos\dx11 at hair and fur\debug\dx11 at hair and fur.ilk
c:\users\charles\source\repos\dx11 at hair and fur\debug\dx11 at hair and fur.exe
c:\users\charles\source\repos\dx11 at hair and fur\debug\dx11 at hair and fur.pdb
c:\users\charles\source\repos\dx11 at hair and fur\debug\dx11 at .4ff0fb4e.tlog\cl.command.1.tlog
c:\users\charles\source\repos\dx11 at hair and fur\debug\dx11 at .4ff0fb4e.tlog\cl.read.1.tlog
c:\users\charles\source\repos\dx11 at hair and fur\debug\dx11 at .4ff0fb4e.tlog\cl.write.1.tlog
c:\users\charles\source\repos\dx11 at hair and fur\debug\dx11 at .4ff0fb4e.tlog\dx11 at hair and fur.write.1u.tlog
c:\users\charles\source\repos\dx11 at hair and fur\debug\dx11 at .4ff0fb4e.tlog\fxc.command.1.tlog
c:\users\charles\source\repos\dx11 at hair and fur\debug\dx11 at .4ff0fb4e.tlog\fxc.read.1.tlog
c:\users\charles\source\repos\dx11 at hair and fur\debug\dx11 at .4ff0fb4e.tlog\fxc.write.1.tlog
c:\users\charles\source\repos\dx11 at hair and fur\debug\dx11 at .4ff0fb4e.tlog\link.command.1.tlog
c:\users\charles\source\repos\dx11 at hair and fur\debug\dx11 at .4ff0fb4e.tlog\link.read.1.tlog
c:\users\charles\source\repos\dx11 at hair and fur\debug\dx11 at .4ff0fb4e.tlog\link.write.1.tlog
