d:\charlie\dx11-at-hair-and-fur\release\vc141.pdb
d:\charlie\dx11-at-hair-and-fur\release\window.obj
d:\charlie\dx11-at-hair-and-fur\release\triangle.obj
d:\charlie\dx11-at-hair-and-fur\release\renderer.obj
d:\charlie\dx11-at-hair-and-fur\release\model.obj
d:\charlie\dx11-at-hair-and-fur\release\material.obj
d:\charlie\dx11-at-hair-and-fur\release\main.obj
d:\charlie\dx11-at-hair-and-fur\release\lighting.obj
d:\charlie\dx11-at-hair-and-fur\release\input.obj
d:\charlie\dx11-at-hair-and-fur\release\gameobject.obj
d:\charlie\dx11-at-hair-and-fur\release\debug.obj
d:\charlie\dx11-at-hair-and-fur\release\camera.obj
d:\charlie\dx11-at-hair-and-fur\release\geometryshader.cso
d:\charlie\dx11-at-hair-and-fur\release\pixelshader.cso
d:\charlie\dx11-at-hair-and-fur\release\vertexshader.cso
d:\charlie\dx11-at-hair-and-fur\release\dx11 at .4ff0fb4e.tlog\cl.command.1.tlog
d:\charlie\dx11-at-hair-and-fur\release\dx11 at .4ff0fb4e.tlog\cl.read.1.tlog
d:\charlie\dx11-at-hair-and-fur\release\dx11 at .4ff0fb4e.tlog\cl.write.1.tlog
d:\charlie\dx11-at-hair-and-fur\release\dx11 at .4ff0fb4e.tlog\dx11 at hair and fur.write.1u.tlog
d:\charlie\dx11-at-hair-and-fur\release\dx11 at .4ff0fb4e.tlog\fxc.command.1.tlog
d:\charlie\dx11-at-hair-and-fur\release\dx11 at .4ff0fb4e.tlog\fxc.read.1.tlog
d:\charlie\dx11-at-hair-and-fur\release\dx11 at .4ff0fb4e.tlog\fxc.write.1.tlog
d:\charlie\dx11-at-hair-and-fur\release\dx11 at .4ff0fb4e.tlog\link.command.1.tlog
d:\charlie\dx11-at-hair-and-fur\release\dx11 at .4ff0fb4e.tlog\link.read.1.tlog
d:\charlie\dx11-at-hair-and-fur\release\dx11 at .4ff0fb4e.tlog\link.write.1.tlog
